c:\users\jmc\workspace\transferredrpg\rpg\rpg\gdp1617framev2\x64\release\vc140.pdb
c:\users\jmc\workspace\transferredrpg\rpg\rpg\gdp1617framev2\x64\release\cvector3f.obj
c:\users\jmc\workspace\transferredrpg\rpg\rpg\gdp1617framev2\x64\release\cstringhelper.obj
c:\users\jmc\workspace\transferredrpg\rpg\rpg\gdp1617framev2\x64\release\cplyfile5nt_experimental.obj
c:\users\jmc\workspace\transferredrpg\rpg\rpg\gdp1617framev2\x64\release\cplyfile5nt.obj
c:\users\jmc\workspace\transferredrpg\rpg\rpg\gdp1617framev2\x64\release\loadobjectsintoscene.obj
c:\users\jmc\workspace\transferredrpg\rpg\rpg\gdp1617framev2\x64\release\clightdescription.obj
c:\users\jmc\workspace\transferredrpg\rpg\rpg\gdp1617framev2\x64\release\cglcolourhelper.obj
c:\users\jmc\workspace\transferredrpg\rpg\rpg\gdp1617framev2\x64\release\globalstuff.obj
c:\users\jmc\workspace\transferredrpg\rpg\rpg\gdp1617framev2\x64\release\cshadermanager.obj
c:\users\jmc\workspace\transferredrpg\rpg\rpg\gdp1617framev2\x64\release\cshader.obj
c:\users\jmc\workspace\transferredrpg\rpg\rpg\gdp1617framev2\x64\release\cparticleemitter.obj
c:\users\jmc\workspace\transferredrpg\rpg\rpg\gdp1617framev2\x64\release\cmeshtypemanager_dynamicmesh.obj
c:\users\jmc\workspace\transferredrpg\rpg\rpg\gdp1617framev2\x64\release\cmeshtypemanager_debuglinebuffer.obj
c:\users\jmc\workspace\transferredrpg\rpg\rpg\gdp1617framev2\x64\release\cmeshtypemanager.obj
c:\users\jmc\workspace\transferredrpg\rpg\rpg\gdp1617framev2\x64\release\clightmanager.obj
c:\users\jmc\workspace\transferredrpg\rpg\rpg\gdp1617framev2\x64\release\clight.obj
c:\users\jmc\workspace\transferredrpg\rpg\rpg\gdp1617framev2\x64\release\chrtimer.obj
c:\users\jmc\workspace\transferredrpg\rpg\rpg\gdp1617framev2\x64\release\cgameobject.obj
c:\users\jmc\workspace\transferredrpg\rpg\rpg\gdp1617framev2\x64\release\ccamera.obj
c:\users\jmc\workspace\transferredrpg\rpg\rpg\gdp1617framev2\x64\release\utilities.obj
c:\users\jmc\workspace\transferredrpg\rpg\rpg\gdp1617framev2\x64\release\themain.obj
c:\users\jmc\workspace\transferredrpg\rpg\rpg\gdp1617framev2\x64\release\ctexturefrombmp.obj
c:\users\jmc\workspace\transferredrpg\rpg\rpg\gdp1617framev2\x64\release\cbasictexturemanager.obj
c:\users\jmc\workspace\transferredrpg\rpg\rpg\gdp1617framev2\x64\release\c24bitbmppixel.obj
c:\users\jmc\workspace\transferredrpg\rpg\rpg\gdp1617framev2\x64\release\render.obj
c:\users\jmc\workspace\transferredrpg\rpg\rpg\gdp1617framev2\x64\release\key_callback.obj
c:\users\jmc\workspace\transferredrpg\rpg\rpg\gdp1617framev2\x64\release\glad.obj
c:\users\jmc\workspace\transferredrpg\rpg\rpg\x64\release\jengine.exe
c:\users\jmc\workspace\transferredrpg\rpg\rpg\x64\release\jengine.ipdb
c:\users\jmc\workspace\transferredrpg\rpg\rpg\x64\release\jengine.iobj
c:\users\jmc\workspace\transferredrpg\rpg\rpg\x64\release\jengine.pdb
c:\users\jmc\workspace\transferredrpg\rpg\rpg\gdp1617framev2\x64\release\jengine.tlog\cl.command.1.tlog
c:\users\jmc\workspace\transferredrpg\rpg\rpg\gdp1617framev2\x64\release\jengine.tlog\cl.read.1.tlog
c:\users\jmc\workspace\transferredrpg\rpg\rpg\gdp1617framev2\x64\release\jengine.tlog\cl.write.1.tlog
c:\users\jmc\workspace\transferredrpg\rpg\rpg\gdp1617framev2\x64\release\jengine.tlog\link.command.1.tlog
c:\users\jmc\workspace\transferredrpg\rpg\rpg\gdp1617framev2\x64\release\jengine.tlog\link.read.1.tlog
c:\users\jmc\workspace\transferredrpg\rpg\rpg\gdp1617framev2\x64\release\jengine.tlog\link.write.1.tlog
