c:\users\jmc\downloads\gdp1617framev2_reflect_refract\gdp1617framev2\gdp1617framev2\x64\debug\vc140.pdb
c:\users\jmc\downloads\gdp1617framev2_reflect_refract\gdp1617framev2\gdp1617framev2\x64\debug\vc140.idb
c:\users\jmc\downloads\gdp1617framev2_reflect_refract\gdp1617framev2\gdp1617framev2\x64\debug\cmeshtypemanager_debuglinebuffer.obj
c:\users\jmc\downloads\gdp1617framev2_reflect_refract\gdp1617framev2\gdp1617framev2\x64\debug\cmeshtypemanager_dynamicmesh.obj
c:\users\jmc\downloads\gdp1617framev2_reflect_refract\gdp1617framev2\gdp1617framev2\x64\debug\cparticleemitter.obj
c:\users\jmc\downloads\gdp1617framev2_reflect_refract\gdp1617framev2\gdp1617framev2\x64\debug\cshader.obj
c:\users\jmc\downloads\gdp1617framev2_reflect_refract\gdp1617framev2\gdp1617framev2\x64\debug\cshadermanager.obj
c:\users\jmc\downloads\gdp1617framev2_reflect_refract\gdp1617framev2\gdp1617framev2\x64\debug\globalstuff.obj
c:\users\jmc\downloads\gdp1617framev2_reflect_refract\gdp1617framev2\gdp1617framev2\x64\debug\key_callback.obj
c:\users\jmc\downloads\gdp1617framev2_reflect_refract\gdp1617framev2\gdp1617framev2\x64\debug\cglcolourhelper.obj
c:\users\jmc\downloads\gdp1617framev2_reflect_refract\gdp1617framev2\gdp1617framev2\x64\debug\clightdescription.obj
c:\users\jmc\downloads\gdp1617framev2_reflect_refract\gdp1617framev2\gdp1617framev2\x64\debug\loadobjectsintoscene.obj
c:\users\jmc\downloads\gdp1617framev2_reflect_refract\gdp1617framev2\gdp1617framev2\x64\debug\cplyfile5nt.obj
c:\users\jmc\downloads\gdp1617framev2_reflect_refract\gdp1617framev2\gdp1617framev2\x64\debug\cplyfile5nt_experimental.obj
c:\users\jmc\downloads\gdp1617framev2_reflect_refract\gdp1617framev2\gdp1617framev2\x64\debug\cstringhelper.obj
c:\users\jmc\downloads\gdp1617framev2_reflect_refract\gdp1617framev2\gdp1617framev2\x64\debug\cvector3f.obj
c:\users\jmc\downloads\gdp1617framev2_reflect_refract\gdp1617framev2\gdp1617framev2\x64\debug\render.obj
c:\users\jmc\downloads\gdp1617framev2_reflect_refract\gdp1617framev2\gdp1617framev2\x64\debug\c24bitbmppixel.obj
c:\users\jmc\downloads\gdp1617framev2_reflect_refract\gdp1617framev2\gdp1617framev2\x64\debug\cbasictexturemanager.obj
c:\users\jmc\downloads\gdp1617framev2_reflect_refract\gdp1617framev2\gdp1617framev2\x64\debug\ctexturefrombmp.obj
c:\users\jmc\downloads\gdp1617framev2_reflect_refract\gdp1617framev2\gdp1617framev2\x64\debug\themain.obj
c:\users\jmc\downloads\gdp1617framev2_reflect_refract\gdp1617framev2\gdp1617framev2\x64\debug\utilities.obj
c:\users\jmc\downloads\gdp1617framev2_reflect_refract\gdp1617framev2\gdp1617framev2\x64\debug\cgameobject.obj
c:\users\jmc\downloads\gdp1617framev2_reflect_refract\gdp1617framev2\gdp1617framev2\x64\debug\chrtimer.obj
c:\users\jmc\downloads\gdp1617framev2_reflect_refract\gdp1617framev2\gdp1617framev2\x64\debug\cmeshtypemanager.obj
c:\users\jmc\downloads\gdp1617framev2_reflect_refract\gdp1617framev2\gdp1617framev2\x64\debug\glad.obj
c:\users\jmc\downloads\gdp1617framev2_reflect_refract\gdp1617framev2\gdp1617framev2\x64\debug\ccamera.obj
c:\users\jmc\downloads\gdp1617framev2_reflect_refract\gdp1617framev2\x64\debug\gdp1617framev2.ilk
c:\users\jmc\downloads\gdp1617framev2_reflect_refract\gdp1617framev2\x64\debug\gdp1617framev2.exe
c:\users\jmc\downloads\gdp1617framev2_reflect_refract\gdp1617framev2\x64\debug\gdp1617framev2.pdb
c:\users\jmc\downloads\gdp1617framev2_reflect_refract\answer5\gdp1617framev2\x64\debug\c24bitbmppixel.obj
c:\users\jmc\downloads\gdp1617framev2_reflect_refract\answer5\gdp1617framev2\x64\debug\cbasictexturemanager.obj
c:\users\jmc\downloads\gdp1617framev2_reflect_refract\answer5\gdp1617framev2\x64\debug\ccamera.obj
c:\users\jmc\downloads\gdp1617framev2_reflect_refract\answer5\gdp1617framev2\x64\debug\cgameobject.obj
c:\users\jmc\downloads\gdp1617framev2_reflect_refract\answer5\gdp1617framev2\x64\debug\cglcolourhelper.obj
c:\users\jmc\downloads\gdp1617framev2_reflect_refract\answer5\gdp1617framev2\x64\debug\chrtimer.obj
c:\users\jmc\downloads\gdp1617framev2_reflect_refract\answer5\gdp1617framev2\x64\debug\clightdescription.obj
c:\users\jmc\downloads\gdp1617framev2_reflect_refract\answer5\gdp1617framev2\x64\debug\cmeshtypemanager.obj
c:\users\jmc\downloads\gdp1617framev2_reflect_refract\answer5\gdp1617framev2\x64\debug\cmeshtypemanager_debuglinebuffer.obj
c:\users\jmc\downloads\gdp1617framev2_reflect_refract\answer5\gdp1617framev2\x64\debug\cmeshtypemanager_dynamicmesh.obj
c:\users\jmc\downloads\gdp1617framev2_reflect_refract\answer5\gdp1617framev2\x64\debug\cparticleemitter.obj
c:\users\jmc\downloads\gdp1617framev2_reflect_refract\answer5\gdp1617framev2\x64\debug\cplyfile5nt.obj
c:\users\jmc\downloads\gdp1617framev2_reflect_refract\answer5\gdp1617framev2\x64\debug\cplyfile5nt_experimental.obj
c:\users\jmc\downloads\gdp1617framev2_reflect_refract\answer5\gdp1617framev2\x64\debug\cshader.obj
c:\users\jmc\downloads\gdp1617framev2_reflect_refract\answer5\gdp1617framev2\x64\debug\cshadermanager.obj
c:\users\jmc\downloads\gdp1617framev2_reflect_refract\answer5\gdp1617framev2\x64\debug\cstringhelper.obj
c:\users\jmc\downloads\gdp1617framev2_reflect_refract\answer5\gdp1617framev2\x64\debug\ctexturefrombmp.obj
c:\users\jmc\downloads\gdp1617framev2_reflect_refract\answer5\gdp1617framev2\x64\debug\cvector3f.obj
c:\users\jmc\downloads\gdp1617framev2_reflect_refract\answer5\gdp1617framev2\x64\debug\glad.obj
c:\users\jmc\downloads\gdp1617framev2_reflect_refract\answer5\gdp1617framev2\x64\debug\globalstuff.obj
c:\users\jmc\downloads\gdp1617framev2_reflect_refract\answer5\gdp1617framev2\x64\debug\key_callback.obj
c:\users\jmc\downloads\gdp1617framev2_reflect_refract\answer5\gdp1617framev2\x64\debug\loadobjectsintoscene.obj
c:\users\jmc\downloads\gdp1617framev2_reflect_refract\answer5\gdp1617framev2\x64\debug\render.obj
c:\users\jmc\downloads\gdp1617framev2_reflect_refract\answer5\gdp1617framev2\x64\debug\themain.obj
c:\users\jmc\downloads\gdp1617framev2_reflect_refract\answer5\gdp1617framev2\x64\debug\utilities.obj
c:\users\jmc\downloads\gdp1617framev2_reflect_refract\answer5\gdp1617framev2\x64\debug\vc140.idb
c:\users\jmc\downloads\gdp1617framev2_reflect_refract\answer5\gdp1617framev2\x64\debug\vc140.pdb
c:\users\jmc\downloads\gdp1617framev2_reflect_refract\answer5\x64\debug\gdp1617framev2.pdb
c:\users\jmc\downloads\gdp1617framev2_reflect_refract\answer5\x64\debug\gdp1617framev2.exe
c:\users\jmc\downloads\gdp1617framev2_reflect_refract\answer5\x64\debug\gdp1617framev2.ilk
c:\users\jmc\downloads\gdp1617framev2_reflect_refract\answer5\gdp1617framev2\x64\debug\gdp1617framev2.tlog\cl.command.1.tlog
c:\users\jmc\downloads\gdp1617framev2_reflect_refract\answer5\gdp1617framev2\x64\debug\gdp1617framev2.tlog\cl.read.1.tlog
c:\users\jmc\downloads\gdp1617framev2_reflect_refract\answer5\gdp1617framev2\x64\debug\gdp1617framev2.tlog\cl.write.1.tlog
c:\users\jmc\downloads\gdp1617framev2_reflect_refract\answer5\gdp1617framev2\x64\debug\gdp1617framev2.tlog\link.command.1.tlog
c:\users\jmc\downloads\gdp1617framev2_reflect_refract\answer5\gdp1617framev2\x64\debug\gdp1617framev2.tlog\link.read.1.tlog
c:\users\jmc\downloads\gdp1617framev2_reflect_refract\answer5\gdp1617framev2\x64\debug\gdp1617framev2.tlog\link.write.1.tlog
