c:\users\jmc\workspace\transferredrpg\rpg\rpg\bulletphysics\x64\release\bulletphysics.pdb
c:\users\jmc\workspace\transferredrpg\rpg\rpg\bulletphysics\x64\release\b3geometryutil.obj
c:\users\jmc\workspace\transferredrpg\rpg\rpg\bulletphysics\x64\release\b3convexhullcomputer.obj
c:\users\jmc\workspace\transferredrpg\rpg\rpg\bulletphysics\x64\release\b3typedconstraint.obj
c:\users\jmc\workspace\transferredrpg\rpg\rpg\bulletphysics\x64\release\b3point2pointconstraint.obj
c:\users\jmc\workspace\transferredrpg\rpg\rpg\bulletphysics\x64\release\b3pgsjacobisolver.obj
c:\users\jmc\workspace\transferredrpg\rpg\rpg\bulletphysics\x64\release\b3generic6dofconstraint.obj
c:\users\jmc\workspace\transferredrpg\rpg\rpg\bulletphysics\x64\release\b3fixedconstraint.obj
c:\users\jmc\workspace\transferredrpg\rpg\rpg\bulletphysics\x64\release\b3cpurigidbodypipeline.obj
c:\users\jmc\workspace\transferredrpg\rpg\rpg\bulletphysics\x64\release\b3vector3.obj
c:\users\jmc\workspace\transferredrpg\rpg\rpg\bulletphysics\x64\release\b3logging.obj
c:\users\jmc\workspace\transferredrpg\rpg\rpg\bulletphysics\x64\release\b3alignedallocator.obj
c:\users\jmc\workspace\transferredrpg\rpg\rpg\bulletphysics\x64\release\b3cpunarrowphase.obj
c:\users\jmc\workspace\transferredrpg\rpg\rpg\bulletphysics\x64\release\b3convexutility.obj
c:\users\jmc\workspace\transferredrpg\rpg\rpg\bulletphysics\x64\release\b3overlappingpaircache.obj
c:\users\jmc\workspace\transferredrpg\rpg\rpg\bulletphysics\x64\release\b3dynamicbvhbroadphase.obj
c:\users\jmc\workspace\transferredrpg\rpg\rpg\bulletphysics\x64\release\b3dynamicbvh.obj
c:\users\jmc\workspace\transferredrpg\rpg\rpg\bulletphysics\x64\release\cbulletshape.obj
c:\users\jmc\workspace\transferredrpg\rpg\rpg\bulletphysics\x64\release\cbulletrigidbody.obj
c:\users\jmc\workspace\transferredrpg\rpg\rpg\bulletphysics\x64\release\cbulletphysicsworld.obj
c:\users\jmc\workspace\transferredrpg\rpg\rpg\bulletphysics\x64\release\cbulletfactory.obj
c:\users\jmc\workspace\transferredrpg\rpg\rpg\bulletphysics\x64\release\btcollisionobject.obj
c:\users\jmc\workspace\transferredrpg\rpg\rpg\bulletphysics\x64\release\btcollisiondispatcher.obj
c:\users\jmc\workspace\transferredrpg\rpg\rpg\bulletphysics\x64\release\btboxboxdetector.obj
c:\users\jmc\workspace\transferredrpg\rpg\rpg\bulletphysics\x64\release\btboxboxcollisionalgorithm.obj
c:\users\jmc\workspace\transferredrpg\rpg\rpg\bulletphysics\x64\release\btbox2dbox2dcollisionalgorithm.obj
c:\users\jmc\workspace\transferredrpg\rpg\rpg\bulletphysics\x64\release\btactivatingcollisionalgorithm.obj
c:\users\jmc\workspace\transferredrpg\rpg\rpg\bulletphysics\x64\release\btsimplebroadphase.obj
c:\users\jmc\workspace\transferredrpg\rpg\rpg\bulletphysics\x64\release\btquantizedbvh.obj
c:\users\jmc\workspace\transferredrpg\rpg\rpg\bulletphysics\x64\release\btoverlappingpaircache.obj
c:\users\jmc\workspace\transferredrpg\rpg\rpg\bulletphysics\x64\release\btdispatcher.obj
c:\users\jmc\workspace\transferredrpg\rpg\rpg\bulletphysics\x64\release\btdbvtbroadphase.obj
c:\users\jmc\workspace\transferredrpg\rpg\rpg\bulletphysics\x64\release\btdbvt.obj
c:\users\jmc\workspace\transferredrpg\rpg\rpg\bulletphysics\x64\release\btcollisionalgorithm.obj
c:\users\jmc\workspace\transferredrpg\rpg\rpg\bulletphysics\x64\release\btbroadphaseproxy.obj
c:\users\jmc\workspace\transferredrpg\rpg\rpg\bulletphysics\x64\release\btaxissweep3.obj
c:\users\jmc\workspace\transferredrpg\rpg\rpg\bulletphysics\x64\release\b3serializer.obj
c:\users\jmc\workspace\transferredrpg\rpg\rpg\bulletphysics\x64\release\b3file.obj
c:\users\jmc\workspace\transferredrpg\rpg\rpg\bulletphysics\x64\release\b3dna.obj
c:\users\jmc\workspace\transferredrpg\rpg\rpg\bulletphysics\x64\release\b3chunk.obj
c:\users\jmc\workspace\transferredrpg\rpg\rpg\bulletphysics\x64\release\b3bulletfile.obj
c:\users\jmc\workspace\transferredrpg\rpg\rpg\bulletphysics\x64\release\spheretriangledetector.obj
c:\users\jmc\workspace\transferredrpg\rpg\rpg\bulletphysics\x64\release\btunionfind.obj
c:\users\jmc\workspace\transferredrpg\rpg\rpg\bulletphysics\x64\release\btspheretrianglecollisionalgorithm.obj
c:\users\jmc\workspace\transferredrpg\rpg\rpg\bulletphysics\x64\release\btspherespherecollisionalgorithm.obj
c:\users\jmc\workspace\transferredrpg\rpg\rpg\bulletphysics\x64\release\btsphereboxcollisionalgorithm.obj
c:\users\jmc\workspace\transferredrpg\rpg\rpg\bulletphysics\x64\release\btsimulationislandmanager.obj
c:\users\jmc\workspace\transferredrpg\rpg\rpg\bulletphysics\x64\release\btmanifoldresult.obj
c:\users\jmc\workspace\transferredrpg\rpg\rpg\bulletphysics\x64\release\btinternaledgeutility.obj
c:\users\jmc\workspace\transferredrpg\rpg\rpg\bulletphysics\x64\release\bthashedsimplepaircache.obj
c:\users\jmc\workspace\transferredrpg\rpg\rpg\bulletphysics\x64\release\btghostobject.obj
c:\users\jmc\workspace\transferredrpg\rpg\rpg\bulletphysics\x64\release\btemptycollisionalgorithm.obj
c:\users\jmc\workspace\transferredrpg\rpg\rpg\bulletphysics\x64\release\btdefaultcollisionconfiguration.obj
c:\users\jmc\workspace\transferredrpg\rpg\rpg\bulletphysics\x64\release\btconvexplanecollisionalgorithm.obj
c:\users\jmc\workspace\transferredrpg\rpg\rpg\bulletphysics\x64\release\btconvexconvexalgorithm.obj
c:\users\jmc\workspace\transferredrpg\rpg\rpg\bulletphysics\x64\release\btconvexconcavecollisionalgorithm.obj
c:\users\jmc\workspace\transferredrpg\rpg\rpg\bulletphysics\x64\release\btconvex2dconvex2dalgorithm.obj
c:\users\jmc\workspace\transferredrpg\rpg\rpg\bulletphysics\x64\release\btcompoundcompoundcollisionalgorithm.obj
c:\users\jmc\workspace\transferredrpg\rpg\rpg\bulletphysics\x64\release\btcompoundcollisionalgorithm.obj
c:\users\jmc\workspace\transferredrpg\rpg\rpg\bulletphysics\x64\release\btcollisionworldimporter.obj
c:\users\jmc\workspace\transferredrpg\rpg\rpg\bulletphysics\x64\release\btcollisionworld.obj
c:\users\jmc\workspace\transferredrpg\rpg\rpg\bulletphysics\x64\release\btmultimaterialtrianglemeshshape.obj
c:\users\jmc\workspace\transferredrpg\rpg\rpg\bulletphysics\x64\release\btminkowskisumshape.obj
c:\users\jmc\workspace\transferredrpg\rpg\rpg\bulletphysics\x64\release\btheightfieldterrainshape.obj
c:\users\jmc\workspace\transferredrpg\rpg\rpg\bulletphysics\x64\release\btemptyshape.obj
c:\users\jmc\workspace\transferredrpg\rpg\rpg\bulletphysics\x64\release\btcylindershape.obj
c:\users\jmc\workspace\transferredrpg\rpg\rpg\bulletphysics\x64\release\btconvextrianglemeshshape.obj
c:\users\jmc\workspace\transferredrpg\rpg\rpg\bulletphysics\x64\release\btconvexshape.obj
c:\users\jmc\workspace\transferredrpg\rpg\rpg\bulletphysics\x64\release\btconvexpolyhedron.obj
c:\users\jmc\workspace\transferredrpg\rpg\rpg\bulletphysics\x64\release\btconvexpointcloudshape.obj
c:\users\jmc\workspace\transferredrpg\rpg\rpg\bulletphysics\x64\release\btconvexinternalshape.obj
c:\users\jmc\workspace\transferredrpg\rpg\rpg\bulletphysics\x64\release\btconvexhullshape.obj
c:\users\jmc\workspace\transferredrpg\rpg\rpg\bulletphysics\x64\release\btconvex2dshape.obj
c:\users\jmc\workspace\transferredrpg\rpg\rpg\bulletphysics\x64\release\btconeshape.obj
c:\users\jmc\workspace\transferredrpg\rpg\rpg\bulletphysics\x64\release\btconcaveshape.obj
c:\users\jmc\workspace\transferredrpg\rpg\rpg\bulletphysics\x64\release\btcompoundshape.obj
c:\users\jmc\workspace\transferredrpg\rpg\rpg\bulletphysics\x64\release\btcollisionshape.obj
c:\users\jmc\workspace\transferredrpg\rpg\rpg\bulletphysics\x64\release\btcapsuleshape.obj
c:\users\jmc\workspace\transferredrpg\rpg\rpg\bulletphysics\x64\release\btbvhtrianglemeshshape.obj
c:\users\jmc\workspace\transferredrpg\rpg\rpg\bulletphysics\x64\release\btboxshape.obj
c:\users\jmc\workspace\transferredrpg\rpg\rpg\bulletphysics\x64\release\btbox2dshape.obj
c:\users\jmc\workspace\transferredrpg\rpg\rpg\bulletphysics\x64\release\btgimpactcollisionalgorithm.obj
c:\users\jmc\workspace\transferredrpg\rpg\rpg\bulletphysics\x64\release\btgimpactbvh.obj
c:\users\jmc\workspace\transferredrpg\rpg\rpg\bulletphysics\x64\release\btgenericpoolallocator.obj
c:\users\jmc\workspace\transferredrpg\rpg\rpg\bulletphysics\x64\release\btcontactprocessing.obj
c:\users\jmc\workspace\transferredrpg\rpg\rpg\bulletphysics\x64\release\btuniformscalingshape.obj
c:\users\jmc\workspace\transferredrpg\rpg\rpg\bulletphysics\x64\release\bttrianglemeshshape.obj
c:\users\jmc\workspace\transferredrpg\rpg\rpg\bulletphysics\x64\release\bttrianglemesh.obj
c:\users\jmc\workspace\transferredrpg\rpg\rpg\bulletphysics\x64\release\bttriangleindexvertexmaterialarray.obj
c:\users\jmc\workspace\transferredrpg\rpg\rpg\bulletphysics\x64\release\bttriangleindexvertexarray.obj
c:\users\jmc\workspace\transferredrpg\rpg\rpg\bulletphysics\x64\release\bttrianglecallback.obj
c:\users\jmc\workspace\transferredrpg\rpg\rpg\bulletphysics\x64\release\bttrianglebuffer.obj
c:\users\jmc\workspace\transferredrpg\rpg\rpg\bulletphysics\x64\release\bttetrahedronshape.obj
c:\users\jmc\workspace\transferredrpg\rpg\rpg\bulletphysics\x64\release\btstridingmeshinterface.obj
c:\users\jmc\workspace\transferredrpg\rpg\rpg\bulletphysics\x64\release\btstaticplaneshape.obj
c:\users\jmc\workspace\transferredrpg\rpg\rpg\bulletphysics\x64\release\btsphereshape.obj
c:\users\jmc\workspace\transferredrpg\rpg\rpg\bulletphysics\x64\release\btshapehull.obj
c:\users\jmc\workspace\transferredrpg\rpg\rpg\bulletphysics\x64\release\btscaledbvhtrianglemeshshape.obj
c:\users\jmc\workspace\transferredrpg\rpg\rpg\bulletphysics\x64\release\btpolyhedralconvexshape.obj
c:\users\jmc\workspace\transferredrpg\rpg\rpg\bulletphysics\x64\release\btoptimizedbvh.obj
c:\users\jmc\workspace\transferredrpg\rpg\rpg\bulletphysics\x64\release\btmultisphereshape.obj
c:\users\jmc\workspace\transferredrpg\rpg\rpg\bulletphysics\x64\release\btkinematiccharactercontroller.obj
c:\users\jmc\workspace\transferredrpg\rpg\rpg\bulletphysics\x64\release\btvoronoisimplexsolver.obj
c:\users\jmc\workspace\transferredrpg\rpg\rpg\bulletphysics\x64\release\btsubsimplexconvexcast.obj
c:\users\jmc\workspace\transferredrpg\rpg\rpg\bulletphysics\x64\release\btraycastcallback.obj
c:\users\jmc\workspace\transferredrpg\rpg\rpg\bulletphysics\x64\release\btpolyhedralcontactclipping.obj
c:\users\jmc\workspace\transferredrpg\rpg\rpg\bulletphysics\x64\release\btpersistentmanifold.obj
c:\users\jmc\workspace\transferredrpg\rpg\rpg\bulletphysics\x64\release\btminkowskipenetrationdepthsolver.obj
c:\users\jmc\workspace\transferredrpg\rpg\rpg\bulletphysics\x64\release\btgjkpairdetector.obj
c:\users\jmc\workspace\transferredrpg\rpg\rpg\bulletphysics\x64\release\btgjkepapenetrationdepthsolver.obj
c:\users\jmc\workspace\transferredrpg\rpg\rpg\bulletphysics\x64\release\btgjkepa2.obj
c:\users\jmc\workspace\transferredrpg\rpg\rpg\bulletphysics\x64\release\btgjkconvexcast.obj
c:\users\jmc\workspace\transferredrpg\rpg\rpg\bulletphysics\x64\release\btconvexcast.obj
c:\users\jmc\workspace\transferredrpg\rpg\rpg\bulletphysics\x64\release\btcontinuousconvexcollision.obj
c:\users\jmc\workspace\transferredrpg\rpg\rpg\bulletphysics\x64\release\gim_tri_collision.obj
c:\users\jmc\workspace\transferredrpg\rpg\rpg\bulletphysics\x64\release\gim_memory.obj
c:\users\jmc\workspace\transferredrpg\rpg\rpg\bulletphysics\x64\release\gim_contact.obj
c:\users\jmc\workspace\transferredrpg\rpg\rpg\bulletphysics\x64\release\gim_box_set.obj
c:\users\jmc\workspace\transferredrpg\rpg\rpg\bulletphysics\x64\release\bttriangleshapeex.obj
c:\users\jmc\workspace\transferredrpg\rpg\rpg\bulletphysics\x64\release\btgimpactshape.obj
c:\users\jmc\workspace\transferredrpg\rpg\rpg\bulletphysics\x64\release\btgimpactquantizedbvh.obj
c:\users\jmc\workspace\transferredrpg\rpg\rpg\bulletphysics\x64\release\btsimpledynamicsworld.obj
c:\users\jmc\workspace\transferredrpg\rpg\rpg\bulletphysics\x64\release\btrigidbody.obj
c:\users\jmc\workspace\transferredrpg\rpg\rpg\bulletphysics\x64\release\btdiscretedynamicsworldmt.obj
c:\users\jmc\workspace\transferredrpg\rpg\rpg\bulletphysics\x64\release\btdiscretedynamicsworld.obj
c:\users\jmc\workspace\transferredrpg\rpg\rpg\bulletphysics\x64\release\btuniversalconstraint.obj
c:\users\jmc\workspace\transferredrpg\rpg\rpg\bulletphysics\x64\release\bttypedconstraint.obj
c:\users\jmc\workspace\transferredrpg\rpg\rpg\bulletphysics\x64\release\btsolve2linearconstraint.obj
c:\users\jmc\workspace\transferredrpg\rpg\rpg\bulletphysics\x64\release\btsliderconstraint.obj
c:\users\jmc\workspace\transferredrpg\rpg\rpg\bulletphysics\x64\release\btsequentialimpulseconstraintsolver.obj
c:\users\jmc\workspace\transferredrpg\rpg\rpg\bulletphysics\x64\release\btpoint2pointconstraint.obj
c:\users\jmc\workspace\transferredrpg\rpg\rpg\bulletphysics\x64\release\btnncgconstraintsolver.obj
c:\users\jmc\workspace\transferredrpg\rpg\rpg\bulletphysics\x64\release\bthingeconstraint.obj
c:\users\jmc\workspace\transferredrpg\rpg\rpg\bulletphysics\x64\release\bthinge2constraint.obj
c:\users\jmc\workspace\transferredrpg\rpg\rpg\bulletphysics\x64\release\btgeneric6dofspringconstraint.obj
c:\users\jmc\workspace\transferredrpg\rpg\rpg\bulletphysics\x64\release\btgeneric6dofspring2constraint.obj
c:\users\jmc\workspace\transferredrpg\rpg\rpg\bulletphysics\x64\release\btgeneric6dofconstraint.obj
c:\users\jmc\workspace\transferredrpg\rpg\rpg\bulletphysics\x64\release\btgearconstraint.obj
c:\users\jmc\workspace\transferredrpg\rpg\rpg\bulletphysics\x64\release\btfixedconstraint.obj
c:\users\jmc\workspace\transferredrpg\rpg\rpg\bulletphysics\x64\release\btcontactconstraint.obj
c:\users\jmc\workspace\transferredrpg\rpg\rpg\bulletphysics\x64\release\btconetwistconstraint.obj
c:\users\jmc\workspace\transferredrpg\rpg\rpg\bulletphysics\x64\release\btdefaultsoftbodysolver.obj
c:\users\jmc\workspace\transferredrpg\rpg\rpg\bulletphysics\x64\release\multibodytree.obj
c:\users\jmc\workspace\transferredrpg\rpg\rpg\bulletphysics\x64\release\idmath.obj
c:\users\jmc\workspace\transferredrpg\rpg\rpg\bulletphysics\x64\release\multibodytreeinitcache.obj
c:\users\jmc\workspace\transferredrpg\rpg\rpg\bulletphysics\x64\release\multibodytreeimpl.obj
c:\users\jmc\workspace\transferredrpg\rpg\rpg\bulletphysics\x64\release\btwheelinfo.obj
c:\users\jmc\workspace\transferredrpg\rpg\rpg\bulletphysics\x64\release\btraycastvehicle.obj
c:\users\jmc\workspace\transferredrpg\rpg\rpg\bulletphysics\x64\release\btmlcpsolver.obj
c:\users\jmc\workspace\transferredrpg\rpg\rpg\bulletphysics\x64\release\btlemkealgorithm.obj
c:\users\jmc\workspace\transferredrpg\rpg\rpg\bulletphysics\x64\release\btdantziglcp.obj
c:\users\jmc\workspace\transferredrpg\rpg\rpg\bulletphysics\x64\release\btmultibodysliderconstraint.obj
c:\users\jmc\workspace\transferredrpg\rpg\rpg\bulletphysics\x64\release\btmultibodypoint2point.obj
c:\users\jmc\workspace\transferredrpg\rpg\rpg\bulletphysics\x64\release\btmultibodyjointmotor.obj
c:\users\jmc\workspace\transferredrpg\rpg\rpg\bulletphysics\x64\release\btmultibodyjointlimitconstraint.obj
c:\users\jmc\workspace\transferredrpg\rpg\rpg\bulletphysics\x64\release\btmultibodyfixedconstraint.obj
c:\users\jmc\workspace\transferredrpg\rpg\rpg\bulletphysics\x64\release\btmultibodydynamicsworld.obj
c:\users\jmc\workspace\transferredrpg\rpg\rpg\bulletphysics\x64\release\btmultibodyconstraintsolver.obj
c:\users\jmc\workspace\transferredrpg\rpg\rpg\bulletphysics\x64\release\btmultibodyconstraint.obj
c:\users\jmc\workspace\transferredrpg\rpg\rpg\bulletphysics\x64\release\btmultibody.obj
c:\users\jmc\workspace\transferredrpg\rpg\rpg\bulletphysics\x64\release\btsimulationislandmanagermt.obj
c:\users\jmc\workspace\transferredrpg\rpg\rpg\bulletphysics\x64\release\btvector3.obj
c:\users\jmc\workspace\transferredrpg\rpg\rpg\bulletphysics\x64\release\btthreads.obj
c:\users\jmc\workspace\transferredrpg\rpg\rpg\bulletphysics\x64\release\btserializer.obj
c:\users\jmc\workspace\transferredrpg\rpg\rpg\bulletphysics\x64\release\btquickprof.obj
c:\users\jmc\workspace\transferredrpg\rpg\rpg\bulletphysics\x64\release\btpolardecomposition.obj
c:\users\jmc\workspace\transferredrpg\rpg\rpg\bulletphysics\x64\release\btgeometryutil.obj
c:\users\jmc\workspace\transferredrpg\rpg\rpg\bulletphysics\x64\release\btconvexhullcomputer.obj
c:\users\jmc\workspace\transferredrpg\rpg\rpg\bulletphysics\x64\release\btconvexhull.obj
c:\users\jmc\workspace\transferredrpg\rpg\rpg\bulletphysics\x64\release\btalignedallocator.obj
c:\users\jmc\workspace\transferredrpg\rpg\rpg\bulletphysics\x64\release\btsoftsoftcollisionalgorithm.obj
c:\users\jmc\workspace\transferredrpg\rpg\rpg\bulletphysics\x64\release\btsoftrigiddynamicsworld.obj
c:\users\jmc\workspace\transferredrpg\rpg\rpg\bulletphysics\x64\release\btsoftrigidcollisionalgorithm.obj
c:\users\jmc\workspace\transferredrpg\rpg\rpg\bulletphysics\x64\release\btsoftmultibodydynamicsworld.obj
c:\users\jmc\workspace\transferredrpg\rpg\rpg\bulletphysics\x64\release\btsoftbodyrigidbodycollisionconfiguration.obj
c:\users\jmc\workspace\transferredrpg\rpg\rpg\bulletphysics\x64\release\btsoftbodyhelpers.obj
c:\users\jmc\workspace\transferredrpg\rpg\rpg\bulletphysics\x64\release\btsoftbodyconcavecollisionalgorithm.obj
c:\users\jmc\workspace\transferredrpg\rpg\rpg\bulletphysics\x64\release\btsoftbody.obj
c:\users\jmc\workspace\transferredrpg\rpg\rpg\bulletphysics\x64\release\clew.obj
c:\users\jmc\workspace\transferredrpg\rpg\rpg\x64\release\bulletphysics.lib
c:\users\jmc\workspace\transferredrpg\rpg\rpg\bulletphysics\x64\release\bulletphysics.tlog\cl.command.1.tlog
c:\users\jmc\workspace\transferredrpg\rpg\rpg\bulletphysics\x64\release\bulletphysics.tlog\cl.read.1.tlog
c:\users\jmc\workspace\transferredrpg\rpg\rpg\bulletphysics\x64\release\bulletphysics.tlog\cl.write.1.tlog
c:\users\jmc\workspace\transferredrpg\rpg\rpg\bulletphysics\x64\release\bulletphysics.tlog\lib-link.read.1.tlog
c:\users\jmc\workspace\transferredrpg\rpg\rpg\bulletphysics\x64\release\bulletphysics.tlog\lib-link.write.1.tlog
c:\users\jmc\workspace\transferredrpg\rpg\rpg\bulletphysics\x64\release\bulletphysics.tlog\lib.command.1.tlog
